<?xml version="1.0" encoding="utf-8" standalone="no"?>
<!--This file represents the results of running a test suite-->
<test-results name="C:\Users\pair\braintree-dotnet\Braintree\Braintree.csproj" total="0" errors="0" failures="0" not-run="0" inconclusive="0" ignored="0" skipped="0" invalid="0" date="2010-02-16" time="16:40:35">
  <environment nunit-version="2.5.2.9222" clr-version="2.0.50727.4927" os-version="Microsoft Windows NT 6.1.7600.0" platform="Win32NT" cwd="C:\Users\pair\braintree-dotnet\Braintree" machine-name="WIN-RH4303J07MG" user="pair" user-domain="WIN-RH4303J07MG" />
  <culture-info current-culture="en-US" current-uiculture="en-US" />
  <test-suite name="C:\Users\pair\braintree-dotnet\Braintree\Braintree.csproj" executed="True" success="False" time="0.031" asserts="0">
    <results>
      <test-suite name="C:\Users\pair\braintree-dotnet\Braintree\bin\Debug\Braintree.dll" executed="False">
        <reason>
          <message><![CDATA[Has no TestFixtures]]></message>
        </reason>
      </test-suite>
    </results>
  </test-suite>
</test-results>